  [1m[35m (0.4ms)[0m  [1m[34mSELECT "schema_migrations"."version" FROM "schema_migrations" ORDER BY "schema_migrations"."version" ASC[0m
  ↳ bin/rails:9
  [1m[35m (0.2ms)[0m  [1m[34mSELECT "schema_migrations"."version" FROM "schema_migrations" ORDER BY "schema_migrations"."version" ASC[0m
  ↳ bin/rails:9
  [1m[35m (657.0ms)[0m  [1m[35mDROP DATABASE IF EXISTS "citrakara_development"[0m
  ↳ bin/rails:9
  [1m[35m (465.9ms)[0m  [1m[35mDROP DATABASE IF EXISTS "citrakara_test"[0m
  ↳ bin/rails:9
  [1m[35m (528.3ms)[0m  [1m[35mCREATE DATABASE "citrakara_development" ENCODING = 'unicode'[0m
  ↳ bin/rails:9
  [1m[35m (527.5ms)[0m  [1m[35mCREATE DATABASE "citrakara_test" ENCODING = 'unicode'[0m
  ↳ bin/rails:9
  [1m[35m (95.7ms)[0m  [1m[35mCREATE TABLE "schema_migrations" ("version" character varying NOT NULL PRIMARY KEY)[0m
  ↳ bin/rails:9
  [1m[35m (83.1ms)[0m  [1m[35mCREATE TABLE "ar_internal_metadata" ("key" character varying NOT NULL PRIMARY KEY, "value" character varying, "created_at" timestamp NOT NULL, "updated_at" timestamp NOT NULL)[0m
  ↳ bin/rails:9
  [1m[35m (0.5ms)[0m  [1m[34mSELECT pg_try_advisory_lock(4490508744379348215)[0m
  ↳ bin/rails:9
  [1m[35m (1.1ms)[0m  [1m[34mSELECT "schema_migrations"."version" FROM "schema_migrations" ORDER BY "schema_migrations"."version" ASC[0m
  ↳ bin/rails:9
Migrating to CreateFeedbacks (20180526160509)
  [1m[35m (5.8ms)[0m  [1m[35mBEGIN[0m
  ↳ bin/rails:9
  [1m[35m (70.7ms)[0m  [1m[35mCREATE TABLE "feedbacks" ("id" bigserial primary key, "username" character varying, "pesan" text, "created_at" timestamp NOT NULL, "updated_at" timestamp NOT NULL)[0m
  ↳ db/migrate/20180526160509_create_feedbacks.rb:3
  [1m[36mActiveRecord::SchemaMigration Create (0.8ms)[0m  [1m[32mINSERT INTO "schema_migrations" ("version") VALUES ($1) RETURNING "version"[0m  [["version", "20180526160509"]]
  ↳ bin/rails:9
  [1m[35m (13.4ms)[0m  [1m[35mCOMMIT[0m
  ↳ bin/rails:9
  [1m[36mActiveRecord::InternalMetadata Load (0.8ms)[0m  [1m[34mSELECT  "ar_internal_metadata".* FROM "ar_internal_metadata" WHERE "ar_internal_metadata"."key" = $1 LIMIT $2[0m  [["key", "environment"], ["LIMIT", 1]]
  ↳ bin/rails:9
  [1m[35m (0.3ms)[0m  [1m[35mBEGIN[0m
  ↳ bin/rails:9
  [1m[36mActiveRecord::InternalMetadata Create (0.8ms)[0m  [1m[32mINSERT INTO "ar_internal_metadata" ("key", "value", "created_at", "updated_at") VALUES ($1, $2, $3, $4) RETURNING "key"[0m  [["key", "environment"], ["value", "development"], ["created_at", "2018-05-26 16:07:55.035453"], ["updated_at", "2018-05-26 16:07:55.035453"]]
  ↳ bin/rails:9
  [1m[35m (2.3ms)[0m  [1m[35mCOMMIT[0m
  ↳ bin/rails:9
  [1m[35m (0.6ms)[0m  [1m[34mSELECT pg_advisory_unlock(4490508744379348215)[0m
  ↳ bin/rails:9
  [1m[35m (0.6ms)[0m  [1m[34mSELECT "schema_migrations"."version" FROM "schema_migrations" ORDER BY "schema_migrations"."version" ASC[0m
  ↳ bin/rails:9
Started POST "/v1/feedbacks" for 127.0.0.1 at 2018-05-26 23:08:40 +0700
  [1m[35m (0.4ms)[0m  [1m[34mSELECT "schema_migrations"."version" FROM "schema_migrations" ORDER BY "schema_migrations"."version" ASC[0m
  ↳ /home/ghiant/.rvm/gems/ruby-2.4.1/gems/activerecord-5.2.0/lib/active_record/log_subscriber.rb:98
  
ActionController::RoutingError (No route matches [POST] "/v1/feedbacks"):
  
actionpack (5.2.0) lib/action_dispatch/middleware/debug_exceptions.rb:65:in `call'
actionpack (5.2.0) lib/action_dispatch/middleware/show_exceptions.rb:33:in `call'
railties (5.2.0) lib/rails/rack/logger.rb:38:in `call_app'
railties (5.2.0) lib/rails/rack/logger.rb:26:in `block in call'
activesupport (5.2.0) lib/active_support/tagged_logging.rb:71:in `block in tagged'
activesupport (5.2.0) lib/active_support/tagged_logging.rb:28:in `tagged'
activesupport (5.2.0) lib/active_support/tagged_logging.rb:71:in `tagged'
railties (5.2.0) lib/rails/rack/logger.rb:26:in `call'
actionpack (5.2.0) lib/action_dispatch/middleware/remote_ip.rb:81:in `call'
actionpack (5.2.0) lib/action_dispatch/middleware/request_id.rb:27:in `call'
rack (2.0.5) lib/rack/runtime.rb:22:in `call'
activesupport (5.2.0) lib/active_support/cache/strategy/local_cache_middleware.rb:29:in `call'
actionpack (5.2.0) lib/action_dispatch/middleware/executor.rb:14:in `call'
actionpack (5.2.0) lib/action_dispatch/middleware/static.rb:127:in `call'
rack (2.0.5) lib/rack/sendfile.rb:111:in `call'
railties (5.2.0) lib/rails/engine.rb:524:in `call'
puma (3.11.4) lib/puma/configuration.rb:225:in `call'
puma (3.11.4) lib/puma/server.rb:632:in `handle_request'
puma (3.11.4) lib/puma/server.rb:446:in `process_client'
puma (3.11.4) lib/puma/server.rb:306:in `block in run'
puma (3.11.4) lib/puma/thread_pool.rb:120:in `block in spawn_thread'
Started POST "/v1/feedbacks" for 127.0.0.1 at 2018-05-26 23:09:13 +0700
  
ActionController::RoutingError (No route matches [POST] "/v1/feedbacks"):
  
actionpack (5.2.0) lib/action_dispatch/middleware/debug_exceptions.rb:65:in `call'
actionpack (5.2.0) lib/action_dispatch/middleware/show_exceptions.rb:33:in `call'
railties (5.2.0) lib/rails/rack/logger.rb:38:in `call_app'
railties (5.2.0) lib/rails/rack/logger.rb:26:in `block in call'
activesupport (5.2.0) lib/active_support/tagged_logging.rb:71:in `block in tagged'
activesupport (5.2.0) lib/active_support/tagged_logging.rb:28:in `tagged'
activesupport (5.2.0) lib/active_support/tagged_logging.rb:71:in `tagged'
railties (5.2.0) lib/rails/rack/logger.rb:26:in `call'
actionpack (5.2.0) lib/action_dispatch/middleware/remote_ip.rb:81:in `call'
actionpack (5.2.0) lib/action_dispatch/middleware/request_id.rb:27:in `call'
rack (2.0.5) lib/rack/runtime.rb:22:in `call'
activesupport (5.2.0) lib/active_support/cache/strategy/local_cache_middleware.rb:29:in `call'
actionpack (5.2.0) lib/action_dispatch/middleware/executor.rb:14:in `call'
actionpack (5.2.0) lib/action_dispatch/middleware/static.rb:127:in `call'
rack (2.0.5) lib/rack/sendfile.rb:111:in `call'
railties (5.2.0) lib/rails/engine.rb:524:in `call'
puma (3.11.4) lib/puma/configuration.rb:225:in `call'
puma (3.11.4) lib/puma/server.rb:632:in `handle_request'
puma (3.11.4) lib/puma/server.rb:446:in `process_client'
puma (3.11.4) lib/puma/server.rb:306:in `block in run'
puma (3.11.4) lib/puma/thread_pool.rb:120:in `block in spawn_thread'
Started POST "/v1/feedbacks" for 127.0.0.1 at 2018-05-26 23:10:04 +0700
Processing by V1::FeedbacksController#create as */*
  Parameters: {"username"=>"hokey", "pesan"=>"it's easy to use so amkhdsdifkjdshfhdkshfdazing", "feedback"=>{"username"=>"hokey", "pesan"=>"it's easy to use so amkhdsdifkjdshfhdkshfdazing"}}
  [1m[35m (0.1ms)[0m  [1m[35mBEGIN[0m
  ↳ app/controllers/v1/feedbacks_controller.rb:19
  [1m[36mFeedback Create (0.9ms)[0m  [1m[32mINSERT INTO "feedbacks" ("username", "pesan", "created_at", "updated_at") VALUES ($1, $2, $3, $4) RETURNING "id"[0m  [["username", "hokey"], ["pesan", "it's easy to use so amkhdsdifkjdshfhdkshfdazing"], ["created_at", "2018-05-26 16:10:04.407718"], ["updated_at", "2018-05-26 16:10:04.407718"]]
  ↳ app/controllers/v1/feedbacks_controller.rb:19
  [1m[35m (13.3ms)[0m  [1m[35mCOMMIT[0m
  ↳ app/controllers/v1/feedbacks_controller.rb:19
  [1m[35m (0.4ms)[0m  [1m[35mBEGIN[0m
  ↳ app/controllers/v1/feedbacks_controller.rb:21
  [1m[35m (0.3ms)[0m  [1m[35mCOMMIT[0m
  ↳ app/controllers/v1/feedbacks_controller.rb:21
Completed 500 Internal Server Error in 77ms (ActiveRecord: 43.5ms)


  
NoMethodError (undefined method `feedback_url' for #<V1::FeedbacksController:0x007fd02c290320>
Did you mean?  feedback_params):
  
app/controllers/v1/feedbacks_controller.rb:22:in `create'
Started GET "/v1/feedbacks" for 127.0.0.1 at 2018-05-26 23:10:16 +0700
Processing by V1::FeedbacksController#index as */*
  Parameters: {"feedback"=>{}}
  [1m[36mFeedback Load (0.3ms)[0m  [1m[34mSELECT "feedbacks".* FROM "feedbacks"[0m
  ↳ app/controllers/v1/feedbacks_controller.rb:9
Completed 200 OK in 6ms (Views: 5.1ms | ActiveRecord: 0.3ms)


Started POST "/v1/feedbacks" for 127.0.0.1 at 2018-05-26 23:10:52 +0700
Processing by V1::FeedbacksController#create as */*
  Parameters: {"username"=>"hokey", "pesan"=>"it's easy to use so amazing", "feedback"=>{"username"=>"hokey", "pesan"=>"it's easy to use so amazing"}}
  [1m[35m (0.2ms)[0m  [1m[35mBEGIN[0m
  ↳ app/controllers/v1/feedbacks_controller.rb:21
  [1m[36mFeedback Create (0.3ms)[0m  [1m[32mINSERT INTO "feedbacks" ("username", "pesan", "created_at", "updated_at") VALUES ($1, $2, $3, $4) RETURNING "id"[0m  [["username", "hokey"], ["pesan", "it's easy to use so amazing"], ["created_at", "2018-05-26 16:10:52.367549"], ["updated_at", "2018-05-26 16:10:52.367549"]]
  ↳ app/controllers/v1/feedbacks_controller.rb:21
  [1m[35m (13.2ms)[0m  [1m[35mCOMMIT[0m
  ↳ app/controllers/v1/feedbacks_controller.rb:21
Completed 500 Internal Server Error in 59ms (ActiveRecord: 16.8ms)


  
NoMethodError (undefined method `feedback_url' for #<V1::FeedbacksController:0x007fd02c1761b0>
Did you mean?  feedback_params):
  
app/controllers/v1/feedbacks_controller.rb:22:in `create'
Started POST "/v1/feedbacks" for 127.0.0.1 at 2018-05-26 23:12:18 +0700
Processing by V1::FeedbacksController#create as */*
  Parameters: {"username"=>"hokey", "pesan"=>"it's easy to use so amazing", "feedback"=>{"username"=>"hokey", "pesan"=>"it's easy to use so amazing"}}
Completed 500 Internal Server Error in 0ms (ActiveRecord: 1.6ms)


  
ArgumentError (wrong number of arguments (given 2, expected 0..1)):
  
app/controllers/v1/feedbacks_controller.rb:19:in `create'
Started GET "/v1/feedbacks" for 127.0.0.1 at 2018-05-26 23:12:31 +0700
Processing by V1::FeedbacksController#index as */*
  Parameters: {"feedback"=>{}}
  [1m[36mFeedback Load (0.3ms)[0m  [1m[34mSELECT "feedbacks".* FROM "feedbacks"[0m
  ↳ app/controllers/v1/feedbacks_controller.rb:9
Completed 200 OK in 7ms (Views: 4.8ms | ActiveRecord: 2.0ms)


Started POST "/v1/feedbacks" for 127.0.0.1 at 2018-05-26 23:13:42 +0700
Processing by V1::FeedbacksController#create as */*
  Parameters: {"username"=>"hokey", "pesan"=>"it's easy to use so amazing", "feedback"=>{"username"=>"hokey", "pesan"=>"it's easy to use so amazing"}}
Completed 500 Internal Server Error in 0ms (ActiveRecord: 1.6ms)


  
ArgumentError (wrong number of arguments (given 2, expected 0..1)):
  
app/controllers/v1/feedbacks_controller.rb:19:in `create'
Started POST "/v1/feedbacks" for 127.0.0.1 at 2018-05-26 23:13:56 +0700
  
SyntaxError (/home/ghiant/Documents/Citrakaras/backend/feature/fiturfeedback/app/controllers/v1/feedbacks_controller.rb:49: syntax error, unexpected end-of-input, expecting keyword_end):
  
app/controllers/v1/feedbacks_controller.rb:49: syntax error, unexpected end-of-input, expecting keyword_end
Started POST "/v1/feedbacks" for 127.0.0.1 at 2018-05-26 23:14:33 +0700
Processing by V1::FeedbacksController#create as */*
  Parameters: {"username"=>"hokey", "pesan"=>"it's easy to use so amazing", "feedback"=>{"username"=>"hokey", "pesan"=>"it's easy to use so amazing"}}
  [1m[35m (0.2ms)[0m  [1m[35mBEGIN[0m
  ↳ app/controllers/v1/feedbacks_controller.rb:20
  [1m[36mFeedback Create (0.3ms)[0m  [1m[32mINSERT INTO "feedbacks" ("username", "pesan", "created_at", "updated_at") VALUES ($1, $2, $3, $4) RETURNING "id"[0m  [["username", "hokey"], ["pesan", "it's easy to use so amazing"], ["created_at", "2018-05-26 16:14:33.336460"], ["updated_at", "2018-05-26 16:14:33.336460"]]
  ↳ app/controllers/v1/feedbacks_controller.rb:20
  [1m[35m (11.9ms)[0m  [1m[35mCOMMIT[0m
  ↳ app/controllers/v1/feedbacks_controller.rb:20
Completed 500 Internal Server Error in 57ms (ActiveRecord: 15.2ms)


  
NoMethodError (undefined method `feedback_url' for #<V1::FeedbacksController:0x000000039f7b50>
Did you mean?  feedback_params):
  
app/controllers/v1/feedbacks_controller.rb:21:in `create'
Started GET "/v1/feedbacks" for 127.0.0.1 at 2018-05-26 23:14:41 +0700
Processing by V1::FeedbacksController#index as */*
  Parameters: {"feedback"=>{}}
  [1m[36mFeedback Load (0.3ms)[0m  [1m[34mSELECT "feedbacks".* FROM "feedbacks"[0m
  ↳ app/controllers/v1/feedbacks_controller.rb:9
Completed 200 OK in 2ms (Views: 1.2ms | ActiveRecord: 0.3ms)


Started GET "/v1/feedbacks/1" for 127.0.0.1 at 2018-05-26 23:14:56 +0700
Processing by V1::FeedbacksController#show as */*
  Parameters: {"id"=>"1", "feedback"=>{}}
  [1m[36mFeedback Load (0.4ms)[0m  [1m[34mSELECT  "feedbacks".* FROM "feedbacks" WHERE "feedbacks"."id" = $1 LIMIT $2[0m  [["id", 1], ["LIMIT", 1]]
  ↳ app/controllers/v1/feedbacks_controller.rb:42
Completed 200 OK in 4ms (Views: 0.5ms | ActiveRecord: 0.7ms)


Started GET "/v1/feedbacks/2" for 127.0.0.1 at 2018-05-26 23:15:01 +0700
Processing by V1::FeedbacksController#show as */*
  Parameters: {"id"=>"2", "feedback"=>{}}
  [1m[36mFeedback Load (0.3ms)[0m  [1m[34mSELECT  "feedbacks".* FROM "feedbacks" WHERE "feedbacks"."id" = $1 LIMIT $2[0m  [["id", 2], ["LIMIT", 1]]
  ↳ app/controllers/v1/feedbacks_controller.rb:42
Completed 200 OK in 1ms (Views: 0.3ms | ActiveRecord: 0.3ms)


Started PUT "/v1/feedbacks/2" for 127.0.0.1 at 2018-05-26 23:15:18 +0700
Processing by V1::FeedbacksController#update as */*
  Parameters: {"username"=>"hokey", "pesan"=>"it's easy to use so amazing", "id"=>"2", "feedback"=>{"username"=>"hokey", "pesan"=>"it's easy to use so amazing"}}
  [1m[36mFeedback Load (0.3ms)[0m  [1m[34mSELECT  "feedbacks".* FROM "feedbacks" WHERE "feedbacks"."id" = $1 LIMIT $2[0m  [["id", 2], ["LIMIT", 1]]
  ↳ app/controllers/v1/feedbacks_controller.rb:42
  [1m[35m (0.1ms)[0m  [1m[35mBEGIN[0m
  ↳ app/controllers/v1/feedbacks_controller.rb:27
  [1m[35m (0.1ms)[0m  [1m[35mCOMMIT[0m
  ↳ app/controllers/v1/feedbacks_controller.rb:27
Completed 200 OK in 3ms (Views: 0.3ms | ActiveRecord: 0.5ms)


Started PATCH "/v1/feedbacks/2" for 127.0.0.1 at 2018-05-26 23:15:41 +0700
Processing by V1::FeedbacksController#update as */*
  Parameters: {"username"=>"hokey", "pesan"=>"it's easy to use so amazing", "id"=>"2", "feedback"=>{"username"=>"hokey", "pesan"=>"it's easy to use so amazing"}}
  [1m[36mFeedback Load (0.2ms)[0m  [1m[34mSELECT  "feedbacks".* FROM "feedbacks" WHERE "feedbacks"."id" = $1 LIMIT $2[0m  [["id", 2], ["LIMIT", 1]]
  ↳ app/controllers/v1/feedbacks_controller.rb:42
  [1m[35m (0.1ms)[0m  [1m[35mBEGIN[0m
  ↳ app/controllers/v1/feedbacks_controller.rb:27
  [1m[35m (0.1ms)[0m  [1m[35mCOMMIT[0m
  ↳ app/controllers/v1/feedbacks_controller.rb:27
Completed 200 OK in 2ms (Views: 0.3ms | ActiveRecord: 0.3ms)


Started POST "/v1/feedbacks/2" for 127.0.0.1 at 2018-05-26 23:20:21 +0700
  
ActionController::RoutingError (No route matches [POST] "/v1/feedbacks/2"):
  
actionpack (5.2.0) lib/action_dispatch/middleware/debug_exceptions.rb:65:in `call'
actionpack (5.2.0) lib/action_dispatch/middleware/show_exceptions.rb:33:in `call'
railties (5.2.0) lib/rails/rack/logger.rb:38:in `call_app'
railties (5.2.0) lib/rails/rack/logger.rb:26:in `block in call'
activesupport (5.2.0) lib/active_support/tagged_logging.rb:71:in `block in tagged'
activesupport (5.2.0) lib/active_support/tagged_logging.rb:28:in `tagged'
activesupport (5.2.0) lib/active_support/tagged_logging.rb:71:in `tagged'
railties (5.2.0) lib/rails/rack/logger.rb:26:in `call'
actionpack (5.2.0) lib/action_dispatch/middleware/remote_ip.rb:81:in `call'
actionpack (5.2.0) lib/action_dispatch/middleware/request_id.rb:27:in `call'
rack (2.0.5) lib/rack/runtime.rb:22:in `call'
activesupport (5.2.0) lib/active_support/cache/strategy/local_cache_middleware.rb:29:in `call'
actionpack (5.2.0) lib/action_dispatch/middleware/executor.rb:14:in `call'
actionpack (5.2.0) lib/action_dispatch/middleware/static.rb:127:in `call'
rack (2.0.5) lib/rack/sendfile.rb:111:in `call'
railties (5.2.0) lib/rails/engine.rb:524:in `call'
puma (3.11.4) lib/puma/configuration.rb:225:in `call'
puma (3.11.4) lib/puma/server.rb:632:in `handle_request'
puma (3.11.4) lib/puma/server.rb:446:in `process_client'
puma (3.11.4) lib/puma/server.rb:306:in `block in run'
puma (3.11.4) lib/puma/thread_pool.rb:120:in `block in spawn_thread'
Started POST "/v1/feedbacks" for 127.0.0.1 at 2018-05-26 23:20:33 +0700
Processing by V1::FeedbacksController#create as */*
  Parameters: {"username"=>"hokey", "pesan"=>"it's easy to use so amazing", "feedback"=>{"username"=>"hokey", "pesan"=>"it's easy to use so amazing"}}
  [1m[35m (0.2ms)[0m  [1m[35mBEGIN[0m
  ↳ app/controllers/v1/feedbacks_controller.rb:20
  [1m[36mFeedback Create (0.3ms)[0m  [1m[32mINSERT INTO "feedbacks" ("username", "pesan", "created_at", "updated_at") VALUES ($1, $2, $3, $4) RETURNING "id"[0m  [["username", "hokey"], ["pesan", "it's easy to use so amazing"], ["created_at", "2018-05-26 16:20:33.508312"], ["updated_at", "2018-05-26 16:20:33.508312"]]
  ↳ app/controllers/v1/feedbacks_controller.rb:20
  [1m[35m (6.3ms)[0m  [1m[35mCOMMIT[0m
  ↳ app/controllers/v1/feedbacks_controller.rb:20
Completed 500 Internal Server Error in 55ms (ActiveRecord: 9.7ms)


  
NoMethodError (undefined method `feedback_url' for #<V1::FeedbacksController:0x00000002a7a880>
Did you mean?  feedback_params):
  
app/controllers/v1/feedbacks_controller.rb:21:in `create'
Started POST "/v1/feedbacks" for 127.0.0.1 at 2018-05-26 23:21:49 +0700
Processing by V1::FeedbacksController#create as */*
  Parameters: {"username"=>"hokey", "pesan"=>"it's easy to use so amazing", "feedback"=>{"username"=>"hokey", "pesan"=>"it's easy to use so amazing"}}
  [1m[35m (0.1ms)[0m  [1m[35mBEGIN[0m
  ↳ app/controllers/v1/feedbacks_controller.rb:20
  [1m[36mFeedback Create (0.2ms)[0m  [1m[32mINSERT INTO "feedbacks" ("username", "pesan", "created_at", "updated_at") VALUES ($1, $2, $3, $4) RETURNING "id"[0m  [["username", "hokey"], ["pesan", "it's easy to use so amazing"], ["created_at", "2018-05-26 16:21:49.495884"], ["updated_at", "2018-05-26 16:21:49.495884"]]
  ↳ app/controllers/v1/feedbacks_controller.rb:20
  [1m[35m (10.6ms)[0m  [1m[35mCOMMIT[0m
  ↳ app/controllers/v1/feedbacks_controller.rb:20
Completed 500 Internal Server Error in 72ms (ActiveRecord: 13.4ms)


  
NoMethodError (undefined method `feedback_url' for #<V1::FeedbacksController:0x007fd02c4f2c80>
Did you mean?  feedback_params):
  
app/controllers/v1/feedbacks_controller.rb:21:in `create'
Started PUT "/v1/feedbacks/2" for 127.0.0.1 at 2018-05-26 23:22:36 +0700
Processing by V1::FeedbacksController#update as */*
  Parameters: {"username"=>"hokey", "pesan"=>"it's easy", "id"=>"2", "feedback"=>{"username"=>"hokey", "pesan"=>"it's easy"}}
  [1m[36mFeedback Load (0.2ms)[0m  [1m[34mSELECT  "feedbacks".* FROM "feedbacks" WHERE "feedbacks"."id" = $1 LIMIT $2[0m  [["id", 2], ["LIMIT", 1]]
  ↳ app/controllers/v1/feedbacks_controller.rb:42
  [1m[35m (0.1ms)[0m  [1m[35mBEGIN[0m
  ↳ app/controllers/v1/feedbacks_controller.rb:27
  [1m[36mFeedback Update (0.2ms)[0m  [1m[33mUPDATE "feedbacks" SET "pesan" = $1, "updated_at" = $2 WHERE "feedbacks"."id" = $3[0m  [["pesan", "it's easy"], ["updated_at", "2018-05-26 16:22:36.178701"], ["id", 2]]
  ↳ app/controllers/v1/feedbacks_controller.rb:27
  [1m[35m (11.0ms)[0m  [1m[35mCOMMIT[0m
  ↳ app/controllers/v1/feedbacks_controller.rb:27
Completed 200 OK in 15ms (Views: 0.4ms | ActiveRecord: 11.5ms)


Started POST "/v1/feedbacks" for 127.0.0.1 at 2018-05-26 23:23:39 +0700
Processing by V1::FeedbacksController#create as */*
  Parameters: {"username"=>"hokey", "pesan"=>"it's easy", "feedback"=>{"username"=>"hokey", "pesan"=>"it's easy"}}
  [1m[35m (0.1ms)[0m  [1m[35mBEGIN[0m
  ↳ app/controllers/v1/feedbacks_controller.rb:20
  [1m[36mFeedback Create (0.3ms)[0m  [1m[32mINSERT INTO "feedbacks" ("username", "pesan", "created_at", "updated_at") VALUES ($1, $2, $3, $4) RETURNING "id"[0m  [["username", "hokey"], ["pesan", "it's easy"], ["created_at", "2018-05-26 16:23:39.093905"], ["updated_at", "2018-05-26 16:23:39.093905"]]
  ↳ app/controllers/v1/feedbacks_controller.rb:20
  [1m[35m (12.3ms)[0m  [1m[35mCOMMIT[0m
  ↳ app/controllers/v1/feedbacks_controller.rb:20
Completed 500 Internal Server Error in 65ms (ActiveRecord: 15.2ms)


  
NoMethodError (undefined method `feedback_url' for #<V1::FeedbacksController:0x007fd02c852a38>
Did you mean?  feedback_params):
  
app/controllers/v1/feedbacks_controller.rb:21:in `create'
Started GET "/v1/feedbacks" for 127.0.0.1 at 2018-05-26 23:24:15 +0700
Processing by V1::FeedbacksController#index as */*
  Parameters: {"feedback"=>{}}
  [1m[36mFeedback Load (0.3ms)[0m  [1m[34mSELECT "feedbacks".* FROM "feedbacks"[0m
  ↳ app/controllers/v1/feedbacks_controller.rb:9
Completed 200 OK in 2ms (Views: 1.6ms | ActiveRecord: 0.3ms)


Started PUT "/v1/feedbacks/2" for 127.0.0.1 at 2018-05-26 23:24:47 +0700
Processing by V1::FeedbacksController#update as */*
  Parameters: {"username"=>"hokey", "pesan"=>"it's easy", "id"=>"2", "feedback"=>{"username"=>"hokey", "pesan"=>"it's easy"}}
  [1m[36mFeedback Load (0.3ms)[0m  [1m[34mSELECT  "feedbacks".* FROM "feedbacks" WHERE "feedbacks"."id" = $1 LIMIT $2[0m  [["id", 2], ["LIMIT", 1]]
  ↳ app/controllers/v1/feedbacks_controller.rb:42
  [1m[35m (0.2ms)[0m  [1m[35mBEGIN[0m
  ↳ app/controllers/v1/feedbacks_controller.rb:27
  [1m[35m (0.2ms)[0m  [1m[35mCOMMIT[0m
  ↳ app/controllers/v1/feedbacks_controller.rb:27
Completed 200 OK in 3ms (Views: 0.3ms | ActiveRecord: 0.6ms)


Started GET "/v1/feedbacks/" for 127.0.0.1 at 2018-05-26 23:24:59 +0700
Processing by V1::FeedbacksController#index as */*
  Parameters: {"feedback"=>{}}
  [1m[36mFeedback Load (0.3ms)[0m  [1m[34mSELECT "feedbacks".* FROM "feedbacks"[0m
  ↳ app/controllers/v1/feedbacks_controller.rb:9
Completed 200 OK in 2ms (Views: 1.7ms | ActiveRecord: 0.3ms)


Started POST "/v1/feedbacks/" for 127.0.0.1 at 2018-05-26 23:26:19 +0700
Processing by V1::FeedbacksController#create as */*
  Parameters: {"username"=>"hokey coba", "pesan"=>"it's easy", "feedback"=>{"username"=>"hokey coba", "pesan"=>"it's easy"}}
  [1m[35m (0.2ms)[0m  [1m[35mBEGIN[0m
  ↳ app/controllers/v1/feedbacks_controller.rb:20
  [1m[36mFeedback Create (0.3ms)[0m  [1m[32mINSERT INTO "feedbacks" ("username", "pesan", "created_at", "updated_at") VALUES ($1, $2, $3, $4) RETURNING "id"[0m  [["username", "hokey coba"], ["pesan", "it's easy"], ["created_at", "2018-05-26 16:26:19.577410"], ["updated_at", "2018-05-26 16:26:19.577410"]]
  ↳ app/controllers/v1/feedbacks_controller.rb:20
  [1m[35m (10.8ms)[0m  [1m[35mCOMMIT[0m
  ↳ app/controllers/v1/feedbacks_controller.rb:20
Completed 201 Created in 19ms (Views: 0.6ms | ActiveRecord: 14.0ms)


